<?xml version="1.0" encoding="UTF-8"?>
<testsuite name="com.adventure.sprint1.S1M2Test" tests="1" skipped="0" failures="0" errors="0" timestamp="2021-09-28T23:51:42" hostname="Juans-MBP.fios-router.home" time="0.029">
  <properties/>
  <testcase name="smokeTest()" classname="com.adventure.sprint1.S1M2Test" time="0.029"/>
  <system-out><![CDATA[]]></system-out>
  <system-err><![CDATA[]]></system-err>
</testsuite>
