<?xml version="1.0" encoding="UTF-8"?>
<testsuite name="com.adventure.sprint2.S2M1Test" tests="2" skipped="0" failures="0" errors="0" timestamp="2021-10-04T22:33:34" hostname="Juans-MBP.fios-router.home" time="0.047">
  <properties/>
  <testcase name="canOpenDoor()" classname="com.adventure.sprint2.S2M1Test" time="0.037"/>
  <testcase name="setName()" classname="com.adventure.sprint2.S2M1Test" time="0.008"/>
  <system-out><![CDATA[]]></system-out>
  <system-err><![CDATA[]]></system-err>
</testsuite>
