<?xml version="1.0" encoding="UTF-8"?>
<testsuite name="com.adventure.sprint2.S2M2Test" tests="6" skipped="0" failures="0" errors="0" timestamp="2021-10-05T23:58:47" hostname="Juans-MBP.fios-router.home" time="0.717">
  <properties/>
  <testcase name="testPlayerMovementInvalid()" classname="com.adventure.sprint2.S2M2Test" time="0.034"/>
  <testcase name="testPlayerMovementEast()" classname="com.adventure.sprint2.S2M2Test" time="0.001"/>
  <testcase name="testPlayerMovementWest()" classname="com.adventure.sprint2.S2M2Test" time="0.001"/>
  <testcase name="checkMoveInputEast()" classname="com.adventure.sprint2.S2M2Test" time="0.674"/>
  <testcase name="checkMoveInputWest()" classname="com.adventure.sprint2.S2M2Test" time="0.002"/>
  <testcase name="checkSimpleInput()" classname="com.adventure.sprint2.S2M2Test" time="0.002"/>
  <system-out><![CDATA[]]></system-out>
  <system-err><![CDATA[]]></system-err>
</testsuite>
